# JRE version: OpenJDK Runtime Environment (17.0.10) (build 17.0.10+0--11572160)
# Java VM: OpenJDK 64-Bit Server VM (17.0.10+0--11572160, mixed mode, tiered, compressed oops, compressed class ptrs, g1 gc, windows-amd64)
GC Precious Log:
 CPUs: 4 total, 4 available
 Memory: 8136M
 Large Page Support: Disabled
 NUMA Support: Disabled
 Compressed Oops: Enabled (32-bit)
 Heap Region Size: 1M
 Heap Min Capacity: 8M
 Heap Initial Capacity: 128M
 Heap Max Capacity: 2G
 Pre-touch: Disabled
 Parallel Workers: 4
 Concurrent Workers: 1
 Concurrent Refinement Workers: 4
 Periodic GC: Disabled
Heap:
 garbage-first heap   total 199680K, used 145620K [0x0000000080000000, 0x0000000100000000)
  region size 1024K, 43 young (44032K), 7 survivors (7168K)
 Metaspace       used 86530K, committed 87232K, reserved 1179648K
  class space    used 11804K, committed 12096K, reserved 1048576K
GC Heap History (20 events):
Event: 14.485 GC heap before
{Heap before GC invocations=40 (full 0):
 garbage-first heap   total 181248K, used 128202K [0x0000000080000000, 0x0000000100000000)
  region size 1024K, 44 young (45056K), 3 survivors (3072K)
 Metaspace       used 65947K, committed 66624K, reserved 1114112K
  class space    used 8825K, committed 9152K, reserved 1048576K
}
Event: 14.490 GC heap after
{Heap after GC invocations=41 (full 0):
 garbage-first heap   total 181248K, used 87234K [0x0000000080000000, 0x0000000100000000)
  region size 1024K, 4 young (4096K), 4 survivors (4096K)
 Metaspace       used 65947K, committed 66624K, reserved 1114112K
  class space    used 8825K, committed 9152K, reserved 1048576K
}
Event: 14.911 GC heap before
{Heap before GC invocations=42 (full 0):
 garbage-first heap   total 181248K, used 101570K [0x0000000080000000, 0x0000000100000000)
  region size 1024K, 19 young (19456K), 4 survivors (4096K)
 Metaspace       used 68108K, committed 68736K, reserved 1114112K
  class space    used 9114K, committed 9408K, reserved 1048576K
}
Event: 14.916 GC heap after
{Heap after GC invocations=43 (full 0):
 garbage-first heap   total 181248K, used 89166K [0x0000000080000000, 0x0000000100000000)
  region size 1024K, 4 young (4096K), 4 survivors (4096K)
 Metaspace       used 68108K, committed 68736K, reserved 1114112K
  class space    used 9114K, committed 9408K, reserved 1048576K
}
Event: 15.202 GC heap before
{Heap before GC invocations=44 (full 0):
 garbage-first heap   total 181248K, used 93262K [0x0000000080000000, 0x0000000100000000)
  region size 1024K, 8 young (8192K), 4 survivors (4096K)
 Metaspace       used 68108K, committed 68736K, reserved 1114112K
  class space    used 9114K, committed 9408K, reserved 1048576K
}
Event: 15.206 GC heap after
{Heap after GC invocations=45 (full 0):
 garbage-first heap   total 181248K, used 91872K [0x0000000080000000, 0x0000000100000000)
  region size 1024K, 6 young (6144K), 6 survivors (6144K)
 Metaspace       used 68108K, committed 68736K, reserved 1114112K
  class space    used 9114K, committed 9408K, reserved 1048576K
}
Event: 15.809 GC heap before
{Heap before GC invocations=46 (full 0):
 garbage-first heap   total 181248K, used 133856K [0x0000000080000000, 0x0000000100000000)
  region size 1024K, 42 young (43008K), 6 survivors (6144K)
 Metaspace       used 70359K, committed 71040K, reserved 1114112K
  class space    used 9424K, committed 9728K, reserved 1048576K
}
Event: 15.815 GC heap after
{Heap after GC invocations=47 (full 0):
 garbage-first heap   total 181248K, used 92911K [0x0000000080000000, 0x0000000100000000)
  region size 1024K, 5 young (5120K), 5 survivors (5120K)
 Metaspace       used 70359K, committed 71040K, reserved 1114112K
  class space    used 9424K, committed 9728K, reserved 1048576K
}
Event: 15.854 GC heap before
{Heap before GC invocations=47 (full 0):
 garbage-first heap   total 181248K, used 95983K [0x0000000080000000, 0x0000000100000000)
  region size 1024K, 8 young (8192K), 5 survivors (5120K)
 Metaspace       used 70589K, committed 71232K, reserved 1114112K
  class space    used 9452K, committed 9728K, reserved 1048576K
}
Event: 15.858 GC heap after
{Heap after GC invocations=48 (full 0):
 garbage-first heap   total 181248K, used 92225K [0x0000000080000000, 0x0000000100000000)
  region size 1024K, 1 young (1024K), 1 survivors (1024K)
 Metaspace       used 70589K, committed 71232K, reserved 1114112K
  class space    used 9452K, committed 9728K, reserved 1048576K
}
Event: 16.464 GC heap before
{Heap before GC invocations=48 (full 0):
 garbage-first heap   total 181248K, used 123969K [0x0000000080000000, 0x0000000100000000)
  region size 1024K, 33 young (33792K), 1 survivors (1024K)
 Metaspace       used 74021K, committed 74624K, reserved 1114112K
  class space    used 9914K, committed 10176K, reserved 1048576K
}
Event: 16.468 GC heap after
{Heap after GC invocations=49 (full 0):
 garbage-first heap   total 181248K, used 93709K [0x0000000080000000, 0x0000000100000000)
  region size 1024K, 2 young (2048K), 2 survivors (2048K)
 Metaspace       used 74021K, committed 74624K, reserved 1114112K
  class space    used 9914K, committed 10176K, reserved 1048576K
}
Event: 17.055 GC heap before
{Heap before GC invocations=50 (full 0):
 garbage-first heap   total 181248K, used 140813K [0x0000000080000000, 0x0000000100000000)
  region size 1024K, 44 young (45056K), 2 survivors (2048K)
 Metaspace       used 78536K, committed 79168K, reserved 1179648K
  class space    used 10544K, committed 10816K, reserved 1048576K
}
Event: 17.059 GC heap after
{Heap after GC invocations=51 (full 0):
 garbage-first heap   total 181248K, used 100109K [0x0000000080000000, 0x0000000100000000)
  region size 1024K, 5 young (5120K), 5 survivors (5120K)
 Metaspace       used 78536K, committed 79168K, reserved 1179648K
  class space    used 10544K, committed 10816K, reserved 1048576K
}
Event: 17.564 GC heap before
{Heap before GC invocations=51 (full 0):
 garbage-first heap   total 181248K, used 141069K [0x0000000080000000, 0x0000000100000000)
  region size 1024K, 45 young (46080K), 5 survivors (5120K)
 Metaspace       used 81035K, committed 81728K, reserved 1179648K
  class space    used 10900K, committed 11200K, reserved 1048576K
}
Event: 17.570 GC heap after
{Heap after GC invocations=52 (full 0):
 garbage-first heap   total 181248K, used 102236K [0x0000000080000000, 0x0000000100000000)
  region size 1024K, 5 young (5120K), 5 survivors (5120K)
 Metaspace       used 81035K, committed 81728K, reserved 1179648K
  class space    used 10900K, committed 11200K, reserved 1048576K
}
Event: 17.881 GC heap before
{Heap before GC invocations=53 (full 0):
 garbage-first heap   total 189440K, used 144220K [0x0000000080000000, 0x0000000100000000)
  region size 1024K, 46 young (47104K), 5 survivors (5120K)
 Metaspace       used 81387K, committed 82048K, reserved 1179648K
  class space    used 10971K, committed 11264K, reserved 1048576K
}
Event: 17.890 GC heap after
{Heap after GC invocations=54 (full 0):
 garbage-first heap   total 189440K, used 105948K [0x0000000080000000, 0x0000000100000000)
  region size 1024K, 6 young (6144K), 6 survivors (6144K)
 Metaspace       used 81387K, committed 82048K, reserved 1179648K
  class space    used 10971K, committed 11264K, reserved 1048576K
}
Event: 18.336 GC heap before
{Heap before GC invocations=54 (full 0):
 garbage-first heap   total 189440K, used 140764K [0x0000000080000000, 0x0000000100000000)
  region size 1024K, 41 young (41984K), 6 survivors (6144K)
 Metaspace       used 83688K, committed 84352K, reserved 1179648K
  class space    used 11293K, committed 11584K, reserved 1048576K
}
Event: 18.343 GC heap after
{Heap after GC invocations=55 (full 0):
 garbage-first heap   total 189440K, used 108756K [0x0000000080000000, 0x0000000100000000)
  region size 1024K, 7 young (7168K), 7 survivors (7168K)
 Metaspace       used 83688K, committed 84352K, reserved 1179648K
  class space    used 11293K, committed 11584K, reserved 1048576K
}

